Start testing: Apr 14 21:13 UTC
----------------------------------------------------------
1/3 Testing: bubblesort
1/3 Test: bubblesort
Command: "/home/pcsdocker/Data/esercitazioni_pcs_26/esercitazione4/build/test_bubblesort"
Directory: /home/pcsdocker/Data/esercitazioni_pcs_26/esercitazione4/build
"bubblesort" start time: Apr 14 21:13 UTC
Output:
----------------------------------------------------------
Vettore ordinato: chiara eleonora emanuele francesco gabriele giulio marco marta vittoria 
Tutti i test per Bubble Sort completati con successo!
<end of output>
Test time =   0.01 sec
----------------------------------------------------------
Test Passed.
"bubblesort" end time: Apr 14 21:13 UTC
"bubblesort" time elapsed: 00:00:00
----------------------------------------------------------

2/3 Testing: insertionsort
2/3 Test: insertionsort
Command: "/home/pcsdocker/Data/esercitazioni_pcs_26/esercitazione4/build/test_insertionsort"
Directory: /home/pcsdocker/Data/esercitazioni_pcs_26/esercitazione4/build
"insertionsort" start time: Apr 14 21:13 UTC
Output:
----------------------------------------------------------
Vettore stringhe ordinato da Insertion Sort: chiara eleonora emanuele francesco gabriele giulio marco marta vittoria 
Tutti i test per Insertion Sort completati con successo!
<end of output>
Test time =   0.01 sec
----------------------------------------------------------
Test Passed.
"insertionsort" end time: Apr 14 21:13 UTC
"insertionsort" time elapsed: 00:00:00
----------------------------------------------------------

3/3 Testing: selectionsort
3/3 Test: selectionsort
Command: "/home/pcsdocker/Data/esercitazioni_pcs_26/esercitazione4/build/test_selectionsort"
Directory: /home/pcsdocker/Data/esercitazioni_pcs_26/esercitazione4/build
"selectionsort" start time: Apr 14 21:13 UTC
Output:
----------------------------------------------------------
Vettore stringhe ordinato da Selection Sort: chiara eleonora emanuele francesco gabriele giulio marco marta vittoria 
Tutti i test per Selection Sort completati con successo!
<end of output>
Test time =   0.01 sec
----------------------------------------------------------
Test Passed.
"selectionsort" end time: Apr 14 21:13 UTC
"selectionsort" time elapsed: 00:00:00
----------------------------------------------------------

End testing: Apr 14 21:13 UTC
